#
# There is insufficient memory for the Java Runtime Environment to continue.
# Native memory allocation (mmap) failed to map 132120576 bytes for G1 virtual space
# Possible reasons:
#   The system is out of physical RAM or swap space
#   The process is running with CompressedOops enabled, and the Java Heap may be blocking the growth of the native heap
# Possible solutions:
#   Reduce memory load on the system
#   Increase physical memory or swap space
#   Check if swap backing store is full
#   Decrease Java heap size (-Xmx/-Xms)
#   Decrease number of Java threads
#   Decrease Java thread stack sizes (-Xss)
#   Set larger code cache with -XX:ReservedCodeCacheSize=
#   JVM is running with Unscaled Compressed Oops mode in which the Java heap is
#     placed in the first 4GB address space. The Java Heap base address is the
#     maximum limit for the native heap growth. Please use -XX:HeapBaseMinAddress
#     to set the Java Heap base and to place the Java Heap above 4GB virtual address.
# This output file may be truncated or incomplete.
#
#  Out of Memory Error (os_windows.cpp:3825), pid=18836, tid=21668
#
# JRE version:  (17.0.10+8) (build )
# Java VM: OpenJDK 64-Bit Server VM (17.0.10+8-b1207.12, mixed mode, sharing, tiered, compressed oops, compressed class ptrs, g1 gc, windows-amd64)
# No core dump will be written. Minidumps are not enabled by default on client versions of Windows
#

---------------  S U M M A R Y ------------

Command Line: git4idea.http.GitAskPassApp Username for 'https://github.com': 

Host: Intel(R) Core(TM) i3-10110U CPU @ 2.10GHz, 4 cores, 7G,  Windows 10 , 64 bit Build 19041 (10.0.19041.3155)
Time: Fri Mar 13 22:56:51 2026  Windows 10 , 64 bit Build 19041 (10.0.19041.3155) elapsed time: 0.033220 seconds (0d 0h 0m 0s)

---------------  T H R E A D  ---------------

Current thread (0x0000017cc6c8a6d0):  JavaThread "Unknown thread" [_thread_in_vm, id=21668, stack(0x00000055b2f00000,0x00000055b3000000)]

Stack: [0x00000055b2f00000,0x00000055b3000000]
Native frames: (J=compiled Java code, j=interpreted, Vv=VM code, C=native code)
V  [jvm.dll+0x687989]
V  [jvm.dll+0x84116a]
V  [jvm.dll+0x842dae]
V  [jvm.dll+0x843413]
V  [jvm.dll+0x249ccf]
V  [jvm.dll+0x684759]
V  [jvm.dll+0x67900a]
V  [jvm.dll+0x30ab0b]
V  [jvm.dll+0x311fb6]
V  [jvm.dll+0x361d5e]
V  [jvm.dll+0x361f8f]
V  [jvm.dll+0x2e07f8]
V  [jvm.dll+0x2e1764]
V  [jvm.dll+0x811c31]
V  [jvm.dll+0x36fc11]
V  [jvm.dll+0x7f0666]
V  [jvm.dll+0x3f3daf]
V  [jvm.dll+0x3f5a41]
C  [jli.dll+0x528f]
C  [ucrtbase.dll+0x21bb2]
C  [KERNEL32.DLL+0x17614]
C  [ntdll.dll+0x526b1]


---------------  P R O C E S S  ---------------

Threads class SMR info:
_java_thread_list=0x00007ffe4ae7df58, length=0, elements={
}

Java Threads: ( => current thread )

Other Threads:
  0x0000017cc6ce1980 GCTaskThread "GC Thread#0" [stack: 0x00000055b3000000,0x00000055b3100000] [id=10348]
  0x0000017cc6cf33e0 ConcurrentGCThread "G1 Main Marker" [stack: 0x00000055b3100000,0x00000055b3200000] [id=21000]
  0x0000017cc6cf45a0 ConcurrentGCThread "G1 Conc#0" [stack: 0x00000055b3200000,0x00000055b3300000] [id=1776]

[error occurred during error reporting (printing all threads), id 0xc0000005, EXCEPTION_ACCESS_VIOLATION (0xc0000005) at pc=0x00007ffe4a6313c7]

VM state: not at safepoint (not fully initialized)

VM Mutex/Monitor currently owned by a thread:  ([mutex/lock_event])
[0x0000017cc6c84420] Heap_lock - owner thread: 0x0000017cc6c8a6d0

Heap address: 0x0000000082800000, size: 2008 MB, Compressed Oops mode: 32-bit

CDS archive(s) mapped at: [0x0000000000000000-0x0000000000000000-0x0000000000000000), size 0, SharedBaseAddress: 0x0000000800000000, ArchiveRelocationMode: 1.
Narrow klass base: 0x0000000000000000, Narrow klass shift: 0, Narrow klass range: 0x0

GC Precious Log:
<Empty>

Heap:
 garbage-first heap   total 0K, used 0K [0x0000000082800000, 0x0000000100000000)
  region size 1024K, 0 young (0K), 0 survivors (0K)
 Metaspace       used 0K, committed 0K, reserved 0K
  class space    used 0K, committed 0K, reserved 0K

Heap Regions: E=young(eden), S=young(survivor), O=old, HS=humongous(starts), HC=humongous(continues), CS=collection set, F=free, OA=open archive, CA=closed archive, TAMS=top-at-mark-start (previous, next)

Card table byte_map: [0x0000017cdb600000,0x0000017cdb9f0000] _byte_map_base: 0x0000017cdb1ec000

Marking Bits (Prev, Next): (CMBitMap*) 0x0000017cc6ce2fb0, (CMBitMap*) 0x0000017cc6ce2ff0
 Prev Bits: [0x0000017cdbde0000, 0x0000017cddd40000)
 Next Bits: [0x0000017cddd40000, 0x0000017cdfca0000)

GC Heap History (0 events):
No events

Dll operation events (1 events):
Event: 0.009 Loaded shared library C:\Program Files\JetBrains\IntelliJ IDEA Community Edition 2024.1\jbr\bin\java.dll

Deoptimization events (0 events):
No events

Classes unloaded (0 events):
No events

Classes redefined (0 events):
No events

Internal exceptions (0 events):
No events

VM Operations (0 events):
No events

Events (0 events):
No events


Dynamic libraries:
0x00007ff631b80000 - 0x00007ff631b8a000 	C:\Program Files\JetBrains\IntelliJ IDEA Community Edition 2024.1\jbr\bin\java.exe
0x00007ffe8d510000 - 0x00007ffe8d708000 	C:\Windows\SYSTEM32\ntdll.dll
0x00007ffe8b870000 - 0x00007ffe8b92f000 	C:\Windows\System32\KERNEL32.DLL
0x00007ffe8afd0000 - 0x00007ffe8b2c6000 	C:\Windows\System32\KERNELBASE.dll
0x00007ffe8b3d0000 - 0x00007ffe8b4d0000 	C:\Windows\System32\ucrtbase.dll
0x00007ffe840d0000 - 0x00007ffe840eb000 	C:\Program Files\JetBrains\IntelliJ IDEA Community Edition 2024.1\jbr\bin\VCRUNTIME140.dll
0x00007ffe82ee0000 - 0x00007ffe82ef7000 	C:\Program Files\JetBrains\IntelliJ IDEA Community Edition 2024.1\jbr\bin\jli.dll
0x00007ffe8beb0000 - 0x00007ffe8c04d000 	C:\Windows\System32\USER32.dll
0x00007ffe7b960000 - 0x00007ffe7bbfa000 	C:\Windows\WinSxS\amd64_microsoft.windows.common-controls_6595b64144ccf1df_6.0.19041.1110_none_60b5254171f9507e\COMCTL32.dll
0x00007ffe8ae00000 - 0x00007ffe8ae22000 	C:\Windows\System32\win32u.dll
0x00007ffe8c810000 - 0x00007ffe8c83c000 	C:\Windows\System32\GDI32.dll
0x00007ffe8b7d0000 - 0x00007ffe8b86e000 	C:\Windows\System32\msvcrt.dll
0x00007ffe8ae30000 - 0x00007ffe8af45000 	C:\Windows\System32\gdi32full.dll
0x00007ffe8b4d0000 - 0x00007ffe8b56d000 	C:\Windows\System32\msvcp_win.dll
0x00007ffe8c840000 - 0x00007ffe8c870000 	C:\Windows\System32\IMM32.DLL
0x00007ffe81bc0000 - 0x00007ffe81bcc000 	C:\Program Files\JetBrains\IntelliJ IDEA Community Edition 2024.1\jbr\bin\vcruntime140_1.dll
0x00007ffe599a0000 - 0x00007ffe59a2d000 	C:\Program Files\JetBrains\IntelliJ IDEA Community Edition 2024.1\jbr\bin\msvcp140.dll
0x00007ffe4a340000 - 0x00007ffe4afc2000 	C:\Program Files\JetBrains\IntelliJ IDEA Community Edition 2024.1\jbr\bin\server\jvm.dll
0x00007ffe8b990000 - 0x00007ffe8ba3f000 	C:\Windows\System32\ADVAPI32.dll
0x00007ffe8be00000 - 0x00007ffe8be9c000 	C:\Windows\System32\sechost.dll
0x00007ffe8d0a0000 - 0x00007ffe8d1c6000 	C:\Windows\System32\RPCRT4.dll
0x00007ffe8aa50000 - 0x00007ffe8aa9b000 	C:\Windows\SYSTEM32\POWRPROF.dll
0x00007ffe88060000 - 0x00007ffe88069000 	C:\Windows\SYSTEM32\WSOCK32.dll
0x00007ffe7cb50000 - 0x00007ffe7cb77000 	C:\Windows\SYSTEM32\WINMM.dll
0x00007ffe8c050000 - 0x00007ffe8c0bb000 	C:\Windows\System32\WS2_32.dll
0x00007ffe850c0000 - 0x00007ffe850ca000 	C:\Windows\SYSTEM32\VERSION.dll
0x00007ffe8aa30000 - 0x00007ffe8aa42000 	C:\Windows\SYSTEM32\UMPDC.dll
0x00007ffe89420000 - 0x00007ffe89432000 	C:\Windows\SYSTEM32\kernel.appcore.dll
0x00007ffe88050000 - 0x00007ffe8805a000 	C:\Program Files\JetBrains\IntelliJ IDEA Community Edition 2024.1\jbr\bin\jimage.dll
0x00007ffe88810000 - 0x00007ffe889f4000 	C:\Windows\SYSTEM32\DBGHELP.DLL
0x00007ffe79f00000 - 0x00007ffe79f34000 	C:\Windows\SYSTEM32\dbgcore.DLL
0x00007ffe8b340000 - 0x00007ffe8b3c2000 	C:\Windows\System32\bcryptPrimitives.dll
0x00007ffe861d0000 - 0x00007ffe861f5000 	C:\Program Files\JetBrains\IntelliJ IDEA Community Edition 2024.1\jbr\bin\java.dll

dbghelp: loaded successfully - version: 4.0.5 - missing functions: none
symbol engine: initialized successfully - sym options: 0x614 - pdb path: .;C:\Program Files\JetBrains\IntelliJ IDEA Community Edition 2024.1\jbr\bin;C:\Windows\SYSTEM32;C:\Windows\WinSxS\amd64_microsoft.windows.common-controls_6595b64144ccf1df_6.0.19041.1110_none_60b5254171f9507e;C:\Program Files\JetBrains\IntelliJ IDEA Community Edition 2024.1\jbr\bin\server

VM Arguments:
java_command: git4idea.http.GitAskPassApp Username for 'https://github.com': 
java_class_path (initial): C:/Program Files/JetBrains/IntelliJ IDEA Community Edition 2024.1/plugins/vcs-git/lib/git4idea-rt.jar;C:/Program Files/JetBrains/IntelliJ IDEA Community Edition 2024.1/lib/externalProcess-rt.jar
Launcher Type: SUN_STANDARD

[Global flags]
     intx CICompilerCount                          = 3                                         {product} {ergonomic}
     uint ConcGCThreads                            = 1                                         {product} {ergonomic}
     uint G1ConcRefinementThreads                  = 4                                         {product} {ergonomic}
   size_t G1HeapRegionSize                         = 1048576                                   {product} {ergonomic}
    uintx GCDrainStackTargetSize                   = 64                                        {product} {ergonomic}
   size_t InitialHeapSize                          = 132120576                                 {product} {ergonomic}
   size_t MarkStackSize                            = 4194304                                   {product} {ergonomic}
   size_t MaxHeapSize                              = 2105540608                                {product} {ergonomic}
   size_t MinHeapDeltaBytes                        = 1048576                                   {product} {ergonomic}
   size_t MinHeapSize                              = 8388608                                   {product} {ergonomic}
    uintx NonNMethodCodeHeapSize                   = 5832780                                {pd product} {ergonomic}
    uintx NonProfiledCodeHeapSize                  = 122912730                              {pd product} {ergonomic}
    uintx ProfiledCodeHeapSize                     = 122912730                              {pd product} {ergonomic}
    uintx ReservedCodeCacheSize                    = 251658240                              {pd product} {ergonomic}
     bool SegmentedCodeCache                       = true                                      {product} {ergonomic}
   size_t SoftMaxHeapSize                          = 2105540608                             {manageable} {ergonomic}
     bool UseCompressedClassPointers               = true                           {product lp64_product} {ergonomic}
     bool UseCompressedOops                        = true                           {product lp64_product} {ergonomic}
     bool UseG1GC                                  = true                                      {product} {ergonomic}
     bool UseLargePagesIndividualAllocation        = false                                  {pd product} {ergonomic}

Logging:
Log output configuration:
 #0: stdout all=warning uptime,level,tags
 #1: stderr all=off uptime,level,tags

Environment Variables:
JAVA_HOME=C:\Users\Illya\.jdks\openjdk-22.0.1
PATH=C:\Program Files\Git\mingw64\libexec\git-core;C:\Program Files\Git\mingw64\libexec\git-core;C:\Program Files\Git\mingw64\bin;C:\Program Files\Git\usr\bin;C:\Users\Illya\bin;C:\Windows\system32;C:\Windows;C:\Windows\System32\Wbem;C:\Windows\System32\WindowsPowerShell\v1.0;C:\Windows\System32\OpenSSH;C:\Program Files\dotnet;C:\MinGW\bin;C:\Program Files (x86)\dotnet;C:\Program Files\Microsoft SQL Server\150\Tools\Binn;C:\Program Files\Microsoft SQL Server\Client SDK\ODBC\170\Tools\Binn;C:\Program Files (x86)\Windows Kits\10\Windows Performance Toolkit;C:\Program Files\php-8.3.6-Win32-vs16-x64;C:\Program Files\Git\cmd;C:\Program Files\nodejs;C:\Program Files\PowerShell\7;C:\Users\Illya\.jdks\openjdk-22.0.1\bin;C:\Program Files\MySQL\MySQL Shell 8.0\bin;C:\Users\Illya\AppData\Local\Programs\Python\Python310\Scripts;C:\Users\Illya\AppData\Local\Programs\Python\Python310;C:\Users\Illya\AppData\Local\Microsoft\WindowsApps;C:\Windows\system32;C:\Program Files\JetBrains\PyCharm Community Edition 2023.3.1\bin;C:\Users\Illya\AppData\Local\Programs\Microsoft VS Code\bin;C:\msy64\mingw64\bin;D:\C++\SDL2-2.28.5\lib\x64;C:\Program Files\JetBrains\IntelliJ IDEA Community Edition 2024.1\bin;C:\Users\Illya\.dotnet\tools;C:\Users\Illya\AppData\Roaming\npm
USERNAME=Illya
DISPLAY=:0.0
LC_ALL=en_US.UTF-8
TERM=xterm-256color
TMPDIR=C:\Users\Illya\AppData\Local\Temp
OS=Windows_NT
PROCESSOR_IDENTIFIER=Intel64 Family 6 Model 142 Stepping 12, GenuineIntel
TMP=C:\Users\Illya\AppData\Local\Temp
TEMP=C:\Users\Illya\AppData\Local\Temp



Periodic native trim disabled

JNI global refs:
JNI global refs: 0, weak refs: 0

JNI global refs memory usage: 0, weak refs: 0

OOME stack traces (most recent first):
Classloader memory used:


---------------  S Y S T E M  ---------------

OS:
 Windows 10 , 64 bit Build 19041 (10.0.19041.3155)
OS uptime: 4 days 11:15 hours
Hyper-V role detected

CPU: total 4 (initial active 4) (2 cores per cpu, 2 threads per core) family 6 model 142 stepping 12 microcode 0xea, cx8, cmov, fxsr, ht, mmx, 3dnowpref, sse, sse2, sse3, ssse3, sse4.1, sse4.2, popcnt, lzcnt, tsc, tscinvbit, avx, avx2, aes, erms, clmul, bmi1, bmi2, adx, fma, vzeroupper, clflush, clflushopt, hv
Processor Information for all 4 processors :
  Max Mhz: 2592, Current Mhz: 2093, Mhz Limit: 2073

Memory: 4k page, system-wide physical 8026M (703M free)
TotalPageFile size 14973M (AvailPageFile size 83M)
current process WorkingSet (physical memory assigned to process): 10M, peak: 10M
current process commit charge ("private bytes"): 51M, peak: 177M

vm_info: OpenJDK 64-Bit Server VM (17.0.10+8-b1207.12) for windows-amd64 JRE (17.0.10+8-b1207.12), built on 2024-03-15 by "builduser" with MS VC++ 16.10 / 16.11 (VS2019)

END.
