#
# There is insufficient memory for the Java Runtime Environment to continue.
# Native memory allocation (mmap) failed to map 65536 bytes for Failed to commit metaspace.
# Possible reasons:
#   The system is out of physical RAM or swap space
#   The process is running with CompressedOops enabled, and the Java Heap may be blocking the growth of the native heap
# Possible solutions:
#   Reduce memory load on the system
#   Increase physical memory or swap space
#   Check if swap backing store is full
#   Decrease Java heap size (-Xmx/-Xms)
#   Decrease number of Java threads
#   Decrease Java thread stack sizes (-Xss)
#   Set larger code cache with -XX:ReservedCodeCacheSize=
#   JVM is running with Unscaled Compressed Oops mode in which the Java heap is
#     placed in the first 4GB address space. The Java Heap base address is the
#     maximum limit for the native heap growth. Please use -XX:HeapBaseMinAddress
#     to set the Java Heap base and to place the Java Heap above 4GB virtual address.
# This output file may be truncated or incomplete.
#
#  Out of Memory Error (virtualSpaceNode.cpp:110), pid=18068, tid=21812
#
# JRE version: OpenJDK Runtime Environment JBR-17.0.10+8-1207.12-jcef (17.0.10+8) (build 17.0.10+8-b1207.12)
# Java VM: OpenJDK 64-Bit Server VM JBR-17.0.10+8-1207.12-jcef (17.0.10+8-b1207.12, mixed mode, tiered, compressed oops, compressed class ptrs, g1 gc, windows-amd64)
# No core dump will be written. Minidumps are not enabled by default on client versions of Windows
#

---------------  S U M M A R Y ------------

Command Line: git4idea.http.GitAskPassApp Username for 'https://github.com': 

Host: Intel(R) Core(TM) i3-10110U CPU @ 2.10GHz, 4 cores, 7G,  Windows 10 , 64 bit Build 19041 (10.0.19041.3155)
Time: Fri Mar 13 22:16:53 2026  Windows 10 , 64 bit Build 19041 (10.0.19041.3155) elapsed time: 0.417277 seconds (0d 0h 0m 0s)

---------------  T H R E A D  ---------------

Current thread (0x0000019be559bd80):  JavaThread "main" [_thread_in_vm, id=21812, stack(0x000000375ef00000,0x000000375f000000)]

Stack: [0x000000375ef00000,0x000000375f000000]
Native frames: (J=compiled Java code, j=interpreted, Vv=VM code, C=native code)
V  [jvm.dll+0x687989]
V  [jvm.dll+0x84116a]
V  [jvm.dll+0x842dae]
V  [jvm.dll+0x843413]
V  [jvm.dll+0x249ccf]
V  [jvm.dll+0x83c11b]
V  [jvm.dll+0x62bf36]
V  [jvm.dll+0x62bf9a]
V  [jvm.dll+0x62e7ca]
V  [jvm.dll+0x62c8d6]
V  [jvm.dll+0x23ed80]
V  [jvm.dll+0x1ed59b]
V  [jvm.dll+0x1e2edc]
V  [jvm.dll+0x54c7ac]
V  [jvm.dll+0x1f3a5b]
V  [jvm.dll+0x7b97bb]
V  [jvm.dll+0x7bac2c]
V  [jvm.dll+0x7baf78]
V  [jvm.dll+0x24170e]
V  [jvm.dll+0x38624e]
C  0x0000019bf1a7b5a5

The last pc belongs to new (printed below).
Java frames: (J=compiled Java code, j=interpreted, Vv=VM code)
j  java.lang.ClassValue.<init>()V+20 java.base@17.0.10
j  java.lang.invoke.VarHandles$1.<init>()V+1 java.base@17.0.10
j  java.lang.invoke.VarHandles.<clinit>()V+20 java.base@17.0.10
v  ~StubRoutines::call_stub
j  java.lang.invoke.MethodHandles$Lookup.getFieldVarHandleCommon(BBLjava/lang/Class;Ljava/lang/invoke/MemberName;Ljava/lang/invoke/MemberName;Z)Ljava/lang/invoke/VarHandle;+270 java.base@17.0.10
j  java.lang.invoke.MethodHandles$Lookup.getFieldVarHandle(BBLjava/lang/Class;Ljava/lang/invoke/MemberName;Ljava/lang/invoke/MemberName;)Ljava/lang/invoke/VarHandle;+12 java.base@17.0.10
j  java.lang.invoke.MethodHandles$Lookup.findStaticVarHandle(Ljava/lang/Class;Ljava/lang/String;Ljava/lang/Class;)Ljava/lang/invoke/VarHandle;+28 java.base@17.0.10
j  javax.net.ssl.SSLContext.<clinit>()V+9 java.base@17.0.10
v  ~StubRoutines::call_stub
j  externalApp.ExternalAppUtil.sendIdeRequest(Ljava/lang/String;ILjava/lang/String;Ljava/lang/String;)LexternalApp/ExternalAppUtil$Result;+34
j  git4idea.http.GitAskPassApp.main([Ljava/lang/String;)V+37
v  ~StubRoutines::call_stub
new  187 new  [0x0000019bf1a7b420, 0x0000019bf1a7b640]  544 bytes
[MachCode]
  0x0000019bf1a7b420: 4883 ec08 | c5fa 1104 | 24eb 1f48 | 83ec 10c5 | fb11 0424 | eb14 4883 | ec10 4889 | 0424 48c7 
  0x0000019bf1a7b440: 4424 0800 | 0000 00eb | 0150 410f | b755 010f | cac1 ea10 | 488b 4de8 | 488b 4908 | 488b 4908 
  0x0000019bf1a7b460: 488b 4108 | 807c 1004 | 070f 85d6 | 0000 0066 | 8b54 d148 | 488b 4928 | 488b 4cd1 | 0851 80b9 
  0x0000019bf1a7b480: 5b01 0000 | 040f 85b9 | 0000 008b | 5108 f7c2 | 0100 0000 | 0f85 aa00 | 0000 498b | 8708 0100 
  0x0000019bf1a7b4a0: 0048 8d1c | 1049 3b9f | 1801 0000 | 0f87 9200 | 0000 4989 | 9f08 0100 | 00e9 0000 | 0000 4883 
  0x0000019bf1a7b4c0: ea10 0f84 | 0f00 0000 | 33c9 c1ea | 0348 894c | d008 48ff | ca75 f648 | c700 0100 | 0000 5933 
  0x0000019bf1a7b4e0: f689 700c | 48c1 e903 | 8948 0849 | bae9 29ed | 4afe 7f00 | 0041 803a | 000f 8440 | 0000 0050 
  0x0000019bf1a7b500: 488b c848 | 83ec 20f7 | c40f 0000 | 000f 841a | 0000 0048 | 83ec 0849 | ba20 e2a2 | 4afe 7f00 
  0x0000019bf1a7b520: 0041 ffd2 | 4883 c408 | e90d 0000 | 0049 ba20 | e2a2 4afe | 7f00 0041 | ffd2 4883 | c420 58e9 
  0x0000019bf1a7b540: cd00 0000 | 5948 8b55 | e848 8b52 | 0848 8b52 | 0845 0fb7 | 4501 410f | c841 c1e8 | 10e8 0500 
  0x0000019bf1a7b560: 0000 e9aa | 0000 0048 | 8d44 2408 | 4c89 6dc0 | 498b cfc5 | f877 4989 | afa8 0200 | 0049 8987 
  0x0000019bf1a7b580: 9802 0000 | 4883 ec20 | f7c4 0f00 | 0000 0f84 | 1a00 0000 | 4883 ec08 | 49ba 0062 | 6c4a fe7f 
  0x0000019bf1a7b5a0: 0000 41ff | d248 83c4 | 08e9 0d00 | 0000 49ba | 0062 6c4a | fe7f 0000 | 41ff d248 | 83c4 2049 
  0x0000019bf1a7b5c0: c787 9802 | 0000 0000 | 0000 49c7 | 87a8 0200 | 0000 0000 | 0049 c787 | a002 0000 | 0000 0000 
  0x0000019bf1a7b5e0: c5f8 7749 | 817f 0800 | 0000 000f | 8405 0000 | 00e9 0a59 | feff 498b | 87f0 0200 | 0049 c787 
  0x0000019bf1a7b600: f002 0000 | 0000 0000 | 4c8b 6dc0 | 4c8b 75c8 | c341 0fb6 | 5d03 4983 | c503 49ba | c096 ef4a 
  0x0000019bf1a7b620: fe7f 0000 | 41ff 24da | 0000 0000 | 0000 0000 | 0000 0000 | 0000 0000 | 0000 0000 | 0000 0000 
[/MachCode]

---------------  P R O C E S S  ---------------

Threads class SMR info:
_java_thread_list=0x0000019bfef6c540, length=12, elements={
0x0000019be559bd80, 0x0000019bfec744a0, 0x0000019bfec76ad0, 0x0000019bfee06530,
0x0000019bfee08100, 0x0000019bfee0b770, 0x0000019bfee0c8d0, 0x0000019bfee18530,
0x0000019bfee1a700, 0x0000019bfee2d890, 0x0000019bfef8f140, 0x0000019bfefa7410
}

Java Threads: ( => current thread )
=>0x0000019be559bd80 JavaThread "main" [_thread_in_vm, id=21812, stack(0x000000375ef00000,0x000000375f000000)]
  0x0000019bfec744a0 JavaThread "Reference Handler" daemon [_thread_blocked, id=8820, stack(0x000000375f600000,0x000000375f700000)]
  0x0000019bfec76ad0 JavaThread "Finalizer" daemon [_thread_blocked, id=17100, stack(0x000000375f700000,0x000000375f800000)]
  0x0000019bfee06530 JavaThread "Signal Dispatcher" daemon [_thread_blocked, id=16228, stack(0x000000375f800000,0x000000375f900000)]
  0x0000019bfee08100 JavaThread "Attach Listener" daemon [_thread_blocked, id=14516, stack(0x000000375f900000,0x000000375fa00000)]
  0x0000019bfee0b770 JavaThread "Service Thread" daemon [_thread_blocked, id=17436, stack(0x000000375fa00000,0x000000375fb00000)]
  0x0000019bfee0c8d0 JavaThread "Monitor Deflation Thread" daemon [_thread_blocked, id=11832, stack(0x000000375fb00000,0x000000375fc00000)]
  0x0000019bfee18530 JavaThread "C2 CompilerThread0" daemon [_thread_blocked, id=18824, stack(0x000000375fc00000,0x000000375fd00000)]
  0x0000019bfee1a700 JavaThread "C1 CompilerThread0" daemon [_thread_blocked, id=14556, stack(0x000000375fd00000,0x000000375fe00000)]
  0x0000019bfee2d890 JavaThread "Sweeper thread" daemon [_thread_blocked, id=17148, stack(0x000000375fe00000,0x000000375ff00000)]
  0x0000019bfef8f140 JavaThread "Notification Thread" daemon [_thread_blocked, id=20664, stack(0x000000375ff00000,0x0000003760000000)]
  0x0000019bfefa7410 JavaThread "Common-Cleaner" daemon [_thread_blocked, id=4640, stack(0x0000003760100000,0x0000003760200000)]

Other Threads:
  0x0000019bfec73000 VMThread "VM Thread" [stack: 0x000000375f500000,0x000000375f600000] [id=11312]
  0x0000019bfeeeff40 WatcherThread [stack: 0x0000003760000000,0x0000003760100000] [id=17920]
  0x0000019be55f3a20 GCTaskThread "GC Thread#0" [stack: 0x000000375f000000,0x000000375f100000] [id=9444]
  0x0000019be5604470 ConcurrentGCThread "G1 Main Marker" [stack: 0x000000375f100000,0x000000375f200000] [id=20240]
  0x0000019be5605630 ConcurrentGCThread "G1 Conc#0" [stack: 0x000000375f200000,0x000000375f300000] [id=3216]
  0x0000019be565d530 ConcurrentGCThread "G1 Refine#0" [stack: 0x000000375f300000,0x000000375f400000] [id=20772]
  0x0000019be565df60 ConcurrentGCThread "G1 Service" [stack: 0x000000375f400000,0x000000375f500000] [id=19336]

Threads with active compile tasks:

VM state: not at safepoint (normal execution)

VM Mutex/Monitor currently owned by a thread:  ([mutex/lock_event])
[0x0000019be5593940] Metaspace_lock - owner thread: 0x0000019be559bd80

Heap address: 0x0000000082800000, size: 2008 MB, Compressed Oops mode: 32-bit

CDS archive(s) not mapped
Compressed class space mapped at: 0x0000000100000000-0x0000000140000000, reserved size: 1073741824
Narrow klass base: 0x0000000000000000, Narrow klass shift: 3, Narrow klass range: 0x140000000

GC Precious Log:
 CPUs: 4 total, 4 available
 Memory: 8026M
 Large Page Support: Disabled
 NUMA Support: Disabled
 Compressed Oops: Enabled (32-bit)
 Heap Region Size: 1M
 Heap Min Capacity: 8M
 Heap Initial Capacity: 126M
 Heap Max Capacity: 2008M
 Pre-touch: Disabled
 Parallel Workers: 4
 Concurrent Workers: 1
 Concurrent Refinement Workers: 4
 Periodic GC: Disabled

Heap:
 garbage-first heap   total 129024K, used 1024K [0x0000000082800000, 0x0000000100000000)
  region size 1024K, 2 young (2048K), 0 survivors (0K)
 Metaspace       used 4920K, committed 5056K, reserved 1114112K
  class space    used 428K, committed 512K, reserved 1048576K

Heap Regions: E=young(eden), S=young(survivor), O=old, HS=humongous(starts), HC=humongous(continues), CS=collection set, F=free, OA=open archive, CA=closed archive, TAMS=top-at-mark-start (previous, next)
|   0|0x0000000082800000, 0x0000000082800000, 0x0000000082900000|  0%| F|  |TAMS 0x0000000082800000, 0x0000000082800000| Untracked 
|   1|0x0000000082900000, 0x0000000082900000, 0x0000000082a00000|  0%| F|  |TAMS 0x0000000082900000, 0x0000000082900000| Untracked 
|   2|0x0000000082a00000, 0x0000000082a00000, 0x0000000082b00000|  0%| F|  |TAMS 0x0000000082a00000, 0x0000000082a00000| Untracked 
|   3|0x0000000082b00000, 0x0000000082b00000, 0x0000000082c00000|  0%| F|  |TAMS 0x0000000082b00000, 0x0000000082b00000| Untracked 
|   4|0x0000000082c00000, 0x0000000082c00000, 0x0000000082d00000|  0%| F|  |TAMS 0x0000000082c00000, 0x0000000082c00000| Untracked 
|   5|0x0000000082d00000, 0x0000000082d00000, 0x0000000082e00000|  0%| F|  |TAMS 0x0000000082d00000, 0x0000000082d00000| Untracked 
|   6|0x0000000082e00000, 0x0000000082e00000, 0x0000000082f00000|  0%| F|  |TAMS 0x0000000082e00000, 0x0000000082e00000| Untracked 
|   7|0x0000000082f00000, 0x0000000082f00000, 0x0000000083000000|  0%| F|  |TAMS 0x0000000082f00000, 0x0000000082f00000| Untracked 
|   8|0x0000000083000000, 0x0000000083000000, 0x0000000083100000|  0%| F|  |TAMS 0x0000000083000000, 0x0000000083000000| Untracked 
|   9|0x0000000083100000, 0x0000000083100000, 0x0000000083200000|  0%| F|  |TAMS 0x0000000083100000, 0x0000000083100000| Untracked 
|  10|0x0000000083200000, 0x0000000083200000, 0x0000000083300000|  0%| F|  |TAMS 0x0000000083200000, 0x0000000083200000| Untracked 
|  11|0x0000000083300000, 0x0000000083300000, 0x0000000083400000|  0%| F|  |TAMS 0x0000000083300000, 0x0000000083300000| Untracked 
|  12|0x0000000083400000, 0x0000000083400000, 0x0000000083500000|  0%| F|  |TAMS 0x0000000083400000, 0x0000000083400000| Untracked 
|  13|0x0000000083500000, 0x0000000083500000, 0x0000000083600000|  0%| F|  |TAMS 0x0000000083500000, 0x0000000083500000| Untracked 
|  14|0x0000000083600000, 0x0000000083600000, 0x0000000083700000|  0%| F|  |TAMS 0x0000000083600000, 0x0000000083600000| Untracked 
|  15|0x0000000083700000, 0x0000000083700000, 0x0000000083800000|  0%| F|  |TAMS 0x0000000083700000, 0x0000000083700000| Untracked 
|  16|0x0000000083800000, 0x0000000083800000, 0x0000000083900000|  0%| F|  |TAMS 0x0000000083800000, 0x0000000083800000| Untracked 
|  17|0x0000000083900000, 0x0000000083900000, 0x0000000083a00000|  0%| F|  |TAMS 0x0000000083900000, 0x0000000083900000| Untracked 
|  18|0x0000000083a00000, 0x0000000083a00000, 0x0000000083b00000|  0%| F|  |TAMS 0x0000000083a00000, 0x0000000083a00000| Untracked 
|  19|0x0000000083b00000, 0x0000000083b00000, 0x0000000083c00000|  0%| F|  |TAMS 0x0000000083b00000, 0x0000000083b00000| Untracked 
|  20|0x0000000083c00000, 0x0000000083c00000, 0x0000000083d00000|  0%| F|  |TAMS 0x0000000083c00000, 0x0000000083c00000| Untracked 
|  21|0x0000000083d00000, 0x0000000083d00000, 0x0000000083e00000|  0%| F|  |TAMS 0x0000000083d00000, 0x0000000083d00000| Untracked 
|  22|0x0000000083e00000, 0x0000000083e00000, 0x0000000083f00000|  0%| F|  |TAMS 0x0000000083e00000, 0x0000000083e00000| Untracked 
|  23|0x0000000083f00000, 0x0000000083f00000, 0x0000000084000000|  0%| F|  |TAMS 0x0000000083f00000, 0x0000000083f00000| Untracked 
|  24|0x0000000084000000, 0x0000000084000000, 0x0000000084100000|  0%| F|  |TAMS 0x0000000084000000, 0x0000000084000000| Untracked 
|  25|0x0000000084100000, 0x0000000084100000, 0x0000000084200000|  0%| F|  |TAMS 0x0000000084100000, 0x0000000084100000| Untracked 
|  26|0x0000000084200000, 0x0000000084200000, 0x0000000084300000|  0%| F|  |TAMS 0x0000000084200000, 0x0000000084200000| Untracked 
|  27|0x0000000084300000, 0x0000000084300000, 0x0000000084400000|  0%| F|  |TAMS 0x0000000084300000, 0x0000000084300000| Untracked 
|  28|0x0000000084400000, 0x0000000084400000, 0x0000000084500000|  0%| F|  |TAMS 0x0000000084400000, 0x0000000084400000| Untracked 
|  29|0x0000000084500000, 0x0000000084500000, 0x0000000084600000|  0%| F|  |TAMS 0x0000000084500000, 0x0000000084500000| Untracked 
|  30|0x0000000084600000, 0x0000000084600000, 0x0000000084700000|  0%| F|  |TAMS 0x0000000084600000, 0x0000000084600000| Untracked 
|  31|0x0000000084700000, 0x0000000084700000, 0x0000000084800000|  0%| F|  |TAMS 0x0000000084700000, 0x0000000084700000| Untracked 
|  32|0x0000000084800000, 0x0000000084800000, 0x0000000084900000|  0%| F|  |TAMS 0x0000000084800000, 0x0000000084800000| Untracked 
|  33|0x0000000084900000, 0x0000000084900000, 0x0000000084a00000|  0%| F|  |TAMS 0x0000000084900000, 0x0000000084900000| Untracked 
|  34|0x0000000084a00000, 0x0000000084a00000, 0x0000000084b00000|  0%| F|  |TAMS 0x0000000084a00000, 0x0000000084a00000| Untracked 
|  35|0x0000000084b00000, 0x0000000084b00000, 0x0000000084c00000|  0%| F|  |TAMS 0x0000000084b00000, 0x0000000084b00000| Untracked 
|  36|0x0000000084c00000, 0x0000000084c00000, 0x0000000084d00000|  0%| F|  |TAMS 0x0000000084c00000, 0x0000000084c00000| Untracked 
|  37|0x0000000084d00000, 0x0000000084d00000, 0x0000000084e00000|  0%| F|  |TAMS 0x0000000084d00000, 0x0000000084d00000| Untracked 
|  38|0x0000000084e00000, 0x0000000084e00000, 0x0000000084f00000|  0%| F|  |TAMS 0x0000000084e00000, 0x0000000084e00000| Untracked 
|  39|0x0000000084f00000, 0x0000000084f00000, 0x0000000085000000|  0%| F|  |TAMS 0x0000000084f00000, 0x0000000084f00000| Untracked 
|  40|0x0000000085000000, 0x0000000085000000, 0x0000000085100000|  0%| F|  |TAMS 0x0000000085000000, 0x0000000085000000| Untracked 
|  41|0x0000000085100000, 0x0000000085100000, 0x0000000085200000|  0%| F|  |TAMS 0x0000000085100000, 0x0000000085100000| Untracked 
|  42|0x0000000085200000, 0x0000000085200000, 0x0000000085300000|  0%| F|  |TAMS 0x0000000085200000, 0x0000000085200000| Untracked 
|  43|0x0000000085300000, 0x0000000085300000, 0x0000000085400000|  0%| F|  |TAMS 0x0000000085300000, 0x0000000085300000| Untracked 
|  44|0x0000000085400000, 0x0000000085400000, 0x0000000085500000|  0%| F|  |TAMS 0x0000000085400000, 0x0000000085400000| Untracked 
|  45|0x0000000085500000, 0x0000000085500000, 0x0000000085600000|  0%| F|  |TAMS 0x0000000085500000, 0x0000000085500000| Untracked 
|  46|0x0000000085600000, 0x0000000085600000, 0x0000000085700000|  0%| F|  |TAMS 0x0000000085600000, 0x0000000085600000| Untracked 
|  47|0x0000000085700000, 0x0000000085700000, 0x0000000085800000|  0%| F|  |TAMS 0x0000000085700000, 0x0000000085700000| Untracked 
|  48|0x0000000085800000, 0x0000000085800000, 0x0000000085900000|  0%| F|  |TAMS 0x0000000085800000, 0x0000000085800000| Untracked 
|  49|0x0000000085900000, 0x0000000085900000, 0x0000000085a00000|  0%| F|  |TAMS 0x0000000085900000, 0x0000000085900000| Untracked 
|  50|0x0000000085a00000, 0x0000000085a00000, 0x0000000085b00000|  0%| F|  |TAMS 0x0000000085a00000, 0x0000000085a00000| Untracked 
|  51|0x0000000085b00000, 0x0000000085b00000, 0x0000000085c00000|  0%| F|  |TAMS 0x0000000085b00000, 0x0000000085b00000| Untracked 
|  52|0x0000000085c00000, 0x0000000085c00000, 0x0000000085d00000|  0%| F|  |TAMS 0x0000000085c00000, 0x0000000085c00000| Untracked 
|  53|0x0000000085d00000, 0x0000000085d00000, 0x0000000085e00000|  0%| F|  |TAMS 0x0000000085d00000, 0x0000000085d00000| Untracked 
|  54|0x0000000085e00000, 0x0000000085e00000, 0x0000000085f00000|  0%| F|  |TAMS 0x0000000085e00000, 0x0000000085e00000| Untracked 
|  55|0x0000000085f00000, 0x0000000085f00000, 0x0000000086000000|  0%| F|  |TAMS 0x0000000085f00000, 0x0000000085f00000| Untracked 
|  56|0x0000000086000000, 0x0000000086000000, 0x0000000086100000|  0%| F|  |TAMS 0x0000000086000000, 0x0000000086000000| Untracked 
|  57|0x0000000086100000, 0x0000000086100000, 0x0000000086200000|  0%| F|  |TAMS 0x0000000086100000, 0x0000000086100000| Untracked 
|  58|0x0000000086200000, 0x0000000086200000, 0x0000000086300000|  0%| F|  |TAMS 0x0000000086200000, 0x0000000086200000| Untracked 
|  59|0x0000000086300000, 0x0000000086300000, 0x0000000086400000|  0%| F|  |TAMS 0x0000000086300000, 0x0000000086300000| Untracked 
|  60|0x0000000086400000, 0x0000000086400000, 0x0000000086500000|  0%| F|  |TAMS 0x0000000086400000, 0x0000000086400000| Untracked 
|  61|0x0000000086500000, 0x0000000086500000, 0x0000000086600000|  0%| F|  |TAMS 0x0000000086500000, 0x0000000086500000| Untracked 
|  62|0x0000000086600000, 0x0000000086600000, 0x0000000086700000|  0%| F|  |TAMS 0x0000000086600000, 0x0000000086600000| Untracked 
|  63|0x0000000086700000, 0x0000000086700000, 0x0000000086800000|  0%| F|  |TAMS 0x0000000086700000, 0x0000000086700000| Untracked 
|  64|0x0000000086800000, 0x0000000086800000, 0x0000000086900000|  0%| F|  |TAMS 0x0000000086800000, 0x0000000086800000| Untracked 
|  65|0x0000000086900000, 0x0000000086900000, 0x0000000086a00000|  0%| F|  |TAMS 0x0000000086900000, 0x0000000086900000| Untracked 
|  66|0x0000000086a00000, 0x0000000086a00000, 0x0000000086b00000|  0%| F|  |TAMS 0x0000000086a00000, 0x0000000086a00000| Untracked 
|  67|0x0000000086b00000, 0x0000000086b00000, 0x0000000086c00000|  0%| F|  |TAMS 0x0000000086b00000, 0x0000000086b00000| Untracked 
|  68|0x0000000086c00000, 0x0000000086c00000, 0x0000000086d00000|  0%| F|  |TAMS 0x0000000086c00000, 0x0000000086c00000| Untracked 
|  69|0x0000000086d00000, 0x0000000086d00000, 0x0000000086e00000|  0%| F|  |TAMS 0x0000000086d00000, 0x0000000086d00000| Untracked 
|  70|0x0000000086e00000, 0x0000000086e00000, 0x0000000086f00000|  0%| F|  |TAMS 0x0000000086e00000, 0x0000000086e00000| Untracked 
|  71|0x0000000086f00000, 0x0000000086f00000, 0x0000000087000000|  0%| F|  |TAMS 0x0000000086f00000, 0x0000000086f00000| Untracked 
|  72|0x0000000087000000, 0x0000000087000000, 0x0000000087100000|  0%| F|  |TAMS 0x0000000087000000, 0x0000000087000000| Untracked 
|  73|0x0000000087100000, 0x0000000087100000, 0x0000000087200000|  0%| F|  |TAMS 0x0000000087100000, 0x0000000087100000| Untracked 
|  74|0x0000000087200000, 0x0000000087200000, 0x0000000087300000|  0%| F|  |TAMS 0x0000000087200000, 0x0000000087200000| Untracked 
|  75|0x0000000087300000, 0x0000000087300000, 0x0000000087400000|  0%| F|  |TAMS 0x0000000087300000, 0x0000000087300000| Untracked 
|  76|0x0000000087400000, 0x0000000087400000, 0x0000000087500000|  0%| F|  |TAMS 0x0000000087400000, 0x0000000087400000| Untracked 
|  77|0x0000000087500000, 0x0000000087500000, 0x0000000087600000|  0%| F|  |TAMS 0x0000000087500000, 0x0000000087500000| Untracked 
|  78|0x0000000087600000, 0x0000000087600000, 0x0000000087700000|  0%| F|  |TAMS 0x0000000087600000, 0x0000000087600000| Untracked 
|  79|0x0000000087700000, 0x0000000087700000, 0x0000000087800000|  0%| F|  |TAMS 0x0000000087700000, 0x0000000087700000| Untracked 
|  80|0x0000000087800000, 0x0000000087800000, 0x0000000087900000|  0%| F|  |TAMS 0x0000000087800000, 0x0000000087800000| Untracked 
|  81|0x0000000087900000, 0x0000000087900000, 0x0000000087a00000|  0%| F|  |TAMS 0x0000000087900000, 0x0000000087900000| Untracked 
|  82|0x0000000087a00000, 0x0000000087a00000, 0x0000000087b00000|  0%| F|  |TAMS 0x0000000087a00000, 0x0000000087a00000| Untracked 
|  83|0x0000000087b00000, 0x0000000087b00000, 0x0000000087c00000|  0%| F|  |TAMS 0x0000000087b00000, 0x0000000087b00000| Untracked 
|  84|0x0000000087c00000, 0x0000000087c00000, 0x0000000087d00000|  0%| F|  |TAMS 0x0000000087c00000, 0x0000000087c00000| Untracked 
|  85|0x0000000087d00000, 0x0000000087d00000, 0x0000000087e00000|  0%| F|  |TAMS 0x0000000087d00000, 0x0000000087d00000| Untracked 
|  86|0x0000000087e00000, 0x0000000087e00000, 0x0000000087f00000|  0%| F|  |TAMS 0x0000000087e00000, 0x0000000087e00000| Untracked 
|  87|0x0000000087f00000, 0x0000000087f00000, 0x0000000088000000|  0%| F|  |TAMS 0x0000000087f00000, 0x0000000087f00000| Untracked 
|  88|0x0000000088000000, 0x0000000088000000, 0x0000000088100000|  0%| F|  |TAMS 0x0000000088000000, 0x0000000088000000| Untracked 
|  89|0x0000000088100000, 0x0000000088100000, 0x0000000088200000|  0%| F|  |TAMS 0x0000000088100000, 0x0000000088100000| Untracked 
|  90|0x0000000088200000, 0x0000000088200000, 0x0000000088300000|  0%| F|  |TAMS 0x0000000088200000, 0x0000000088200000| Untracked 
|  91|0x0000000088300000, 0x0000000088300000, 0x0000000088400000|  0%| F|  |TAMS 0x0000000088300000, 0x0000000088300000| Untracked 
|  92|0x0000000088400000, 0x0000000088400000, 0x0000000088500000|  0%| F|  |TAMS 0x0000000088400000, 0x0000000088400000| Untracked 
|  93|0x0000000088500000, 0x0000000088500000, 0x0000000088600000|  0%| F|  |TAMS 0x0000000088500000, 0x0000000088500000| Untracked 
|  94|0x0000000088600000, 0x0000000088600000, 0x0000000088700000|  0%| F|  |TAMS 0x0000000088600000, 0x0000000088600000| Untracked 
|  95|0x0000000088700000, 0x0000000088700000, 0x0000000088800000|  0%| F|  |TAMS 0x0000000088700000, 0x0000000088700000| Untracked 
|  96|0x0000000088800000, 0x0000000088800000, 0x0000000088900000|  0%| F|  |TAMS 0x0000000088800000, 0x0000000088800000| Untracked 
|  97|0x0000000088900000, 0x0000000088900000, 0x0000000088a00000|  0%| F|  |TAMS 0x0000000088900000, 0x0000000088900000| Untracked 
|  98|0x0000000088a00000, 0x0000000088a00000, 0x0000000088b00000|  0%| F|  |TAMS 0x0000000088a00000, 0x0000000088a00000| Untracked 
|  99|0x0000000088b00000, 0x0000000088b00000, 0x0000000088c00000|  0%| F|  |TAMS 0x0000000088b00000, 0x0000000088b00000| Untracked 
| 100|0x0000000088c00000, 0x0000000088c00000, 0x0000000088d00000|  0%| F|  |TAMS 0x0000000088c00000, 0x0000000088c00000| Untracked 
| 101|0x0000000088d00000, 0x0000000088d00000, 0x0000000088e00000|  0%| F|  |TAMS 0x0000000088d00000, 0x0000000088d00000| Untracked 
| 102|0x0000000088e00000, 0x0000000088e00000, 0x0000000088f00000|  0%| F|  |TAMS 0x0000000088e00000, 0x0000000088e00000| Untracked 
| 103|0x0000000088f00000, 0x0000000088f00000, 0x0000000089000000|  0%| F|  |TAMS 0x0000000088f00000, 0x0000000088f00000| Untracked 
| 104|0x0000000089000000, 0x0000000089000000, 0x0000000089100000|  0%| F|  |TAMS 0x0000000089000000, 0x0000000089000000| Untracked 
| 105|0x0000000089100000, 0x0000000089100000, 0x0000000089200000|  0%| F|  |TAMS 0x0000000089100000, 0x0000000089100000| Untracked 
| 106|0x0000000089200000, 0x0000000089200000, 0x0000000089300000|  0%| F|  |TAMS 0x0000000089200000, 0x0000000089200000| Untracked 
| 107|0x0000000089300000, 0x0000000089300000, 0x0000000089400000|  0%| F|  |TAMS 0x0000000089300000, 0x0000000089300000| Untracked 
| 108|0x0000000089400000, 0x0000000089400000, 0x0000000089500000|  0%| F|  |TAMS 0x0000000089400000, 0x0000000089400000| Untracked 
| 109|0x0000000089500000, 0x0000000089500000, 0x0000000089600000|  0%| F|  |TAMS 0x0000000089500000, 0x0000000089500000| Untracked 
| 110|0x0000000089600000, 0x0000000089600000, 0x0000000089700000|  0%| F|  |TAMS 0x0000000089600000, 0x0000000089600000| Untracked 
| 111|0x0000000089700000, 0x0000000089700000, 0x0000000089800000|  0%| F|  |TAMS 0x0000000089700000, 0x0000000089700000| Untracked 
| 112|0x0000000089800000, 0x0000000089800000, 0x0000000089900000|  0%| F|  |TAMS 0x0000000089800000, 0x0000000089800000| Untracked 
| 113|0x0000000089900000, 0x0000000089900000, 0x0000000089a00000|  0%| F|  |TAMS 0x0000000089900000, 0x0000000089900000| Untracked 
| 114|0x0000000089a00000, 0x0000000089a00000, 0x0000000089b00000|  0%| F|  |TAMS 0x0000000089a00000, 0x0000000089a00000| Untracked 
| 115|0x0000000089b00000, 0x0000000089b00000, 0x0000000089c00000|  0%| F|  |TAMS 0x0000000089b00000, 0x0000000089b00000| Untracked 
| 116|0x0000000089c00000, 0x0000000089c00000, 0x0000000089d00000|  0%| F|  |TAMS 0x0000000089c00000, 0x0000000089c00000| Untracked 
| 117|0x0000000089d00000, 0x0000000089d00000, 0x0000000089e00000|  0%| F|  |TAMS 0x0000000089d00000, 0x0000000089d00000| Untracked 
| 118|0x0000000089e00000, 0x0000000089e00000, 0x0000000089f00000|  0%| F|  |TAMS 0x0000000089e00000, 0x0000000089e00000| Untracked 
| 119|0x0000000089f00000, 0x0000000089f00000, 0x000000008a000000|  0%| F|  |TAMS 0x0000000089f00000, 0x0000000089f00000| Untracked 
| 120|0x000000008a000000, 0x000000008a000000, 0x000000008a100000|  0%| F|  |TAMS 0x000000008a000000, 0x000000008a000000| Untracked 
| 121|0x000000008a100000, 0x000000008a100000, 0x000000008a200000|  0%| F|  |TAMS 0x000000008a100000, 0x000000008a100000| Untracked 
| 122|0x000000008a200000, 0x000000008a200000, 0x000000008a300000|  0%| F|  |TAMS 0x000000008a200000, 0x000000008a200000| Untracked 
| 123|0x000000008a300000, 0x000000008a300000, 0x000000008a400000|  0%| F|  |TAMS 0x000000008a300000, 0x000000008a300000| Untracked 
| 124|0x000000008a400000, 0x000000008a443110, 0x000000008a500000| 26%| E|  |TAMS 0x000000008a400000, 0x000000008a400000| Complete 
| 125|0x000000008a500000, 0x000000008a600000, 0x000000008a600000|100%| E|CS|TAMS 0x000000008a500000, 0x000000008a500000| Complete 

Card table byte_map: [0x0000019bf9f50000,0x0000019bfa340000] _byte_map_base: 0x0000019bf9b3c000

Marking Bits (Prev, Next): (CMBitMap*) 0x0000019be55f4040, (CMBitMap*) 0x0000019be55f4080
 Prev Bits: [0x0000019bfa730000, 0x0000019bfc690000)
 Next Bits: [0x0000019bfc690000, 0x0000019bfe5f0000)

Polling page: 0x0000019be5660000

Metaspace:

Usage:
  Non-class:      4.39 MB used.
      Class:    428.99 KB used.
       Both:      4.81 MB used.

Virtual space:
  Non-class space:       64.00 MB reserved,       4.44 MB (  7%) committed,  1 nodes.
      Class space:        1.00 GB reserved,     512.00 KB ( <1%) committed,  1 nodes.
             Both:        1.06 GB reserved,       4.94 MB ( <1%) committed. 

Chunk freelists:
   Non-Class:  10.99 MB
       Class:  15.56 MB
        Both:  26.55 MB

MaxMetaspaceSize: unlimited
CompressedClassSpaceSize: 1.00 GB
Initial GC threshold: 21.00 MB
Current GC threshold: 21.00 MB
CDS: off
MetaspaceReclaimPolicy: balanced
 - commit_granule_bytes: 65536.
 - commit_granule_words: 8192.
 - virtual_space_node_default_size: 8388608.
 - enlarge_chunks_in_place: 1.
 - new_chunks_are_fully_committed: 0.
 - uncommit_free_chunks: 1.
 - use_allocation_guard: 0.
 - handle_deallocations: 1.


Internal statistics:

num_allocs_failed_limit: 0.
num_arena_births: 4.
num_arena_deaths: 0.
num_vsnodes_births: 2.
num_vsnodes_deaths: 0.
num_space_committed: 79.
num_space_uncommitted: 0.
num_chunks_returned_to_freelist: 0.
num_chunks_taken_from_freelist: 10.
num_chunk_merges: 0.
num_chunk_splits: 5.
num_chunks_enlarged: 1.
num_inconsistent_stats: 0.

CodeHeap 'non-profiled nmethods': size=120000Kb used=15Kb max_used=15Kb free=119984Kb
 bounds [0x0000019bf2000000, 0x0000019bf2270000, 0x0000019bf9530000]
CodeHeap 'profiled nmethods': size=120000Kb used=121Kb max_used=121Kb free=119878Kb
 bounds [0x0000019bea530000, 0x0000019bea7a0000, 0x0000019bf1a60000]
CodeHeap 'non-nmethods': size=5760Kb used=1053Kb max_used=1065Kb free=4706Kb
 bounds [0x0000019bf1a60000, 0x0000019bf1cd0000, 0x0000019bf2000000]
 total_blobs=403 nmethods=89 adapters=227
 compilation: enabled
              stopped_count=0, restarted_count=0
 full_count=0

Compilation events (20 events):
Event: 0.408 Thread 0x0000019bfee1a700   79       3       java.util.Arrays::copyOfRange (64 bytes)
Event: 0.409 Thread 0x0000019bfee1a700 nmethod 79 0x0000019bea54af90 code [0x0000019bea54b200, 0x0000019bea54baf8]
Event: 0.409 Thread 0x0000019bfee1a700   81       3       java.lang.CharacterData::of (136 bytes)
Event: 0.409 Thread 0x0000019bfee1a700 nmethod 81 0x0000019bea54be90 code [0x0000019bea54c0c0, 0x0000019bea54ca58]
Event: 0.409 Thread 0x0000019bfee1a700   82       3       java.lang.CharacterDataLatin1::toUpperCase (53 bytes)
Event: 0.409 Thread 0x0000019bfee18530   86       4       java.lang.CharacterDataLatin1::getProperties (11 bytes)
Event: 0.409 Thread 0x0000019bfee1a700 nmethod 82 0x0000019bea54cc90 code [0x0000019bea54ce40, 0x0000019bea54d0d8]
Event: 0.409 Thread 0x0000019bfee1a700   83       3       java.lang.Character::toUpperCase (6 bytes)
Event: 0.410 Thread 0x0000019bfee1a700 nmethod 83 0x0000019bea54d210 code [0x0000019bea54d3c0, 0x0000019bea54d618]
Event: 0.410 Thread 0x0000019bfee1a700   84       3       java.lang.Character::toUpperCase (9 bytes)
Event: 0.410 Thread 0x0000019bfee1a700 nmethod 84 0x0000019bea54d710 code [0x0000019bea54d8c0, 0x0000019bea54dab8]
Event: 0.410 Thread 0x0000019bfee1a700   85       3       java.util.TreeMap::parentOf (13 bytes)
Event: 0.410 Thread 0x0000019bfee18530 nmethod 86 0x0000019bf2003410 code [0x0000019bf2003580, 0x0000019bf2003618]
Event: 0.410 Thread 0x0000019bfee1a700 nmethod 85 0x0000019bea54db90 code [0x0000019bea54dd20, 0x0000019bea54de98]
Event: 0.410 Thread 0x0000019bfee1a700   89       3       java.lang.ProcessEnvironment$NameComparator::compare (13 bytes)
Event: 0.410 Thread 0x0000019bfee1a700 nmethod 89 0x0000019bea54df90 code [0x0000019bea54e140, 0x0000019bea54e448]
Event: 0.410 Thread 0x0000019bfee1a700   87       1       java.util.HashMap$Node::getKey (5 bytes)
Event: 0.411 Thread 0x0000019bfee1a700 nmethod 87 0x0000019bf2003710 code [0x0000019bf20038a0, 0x0000019bf2003978]
Event: 0.411 Thread 0x0000019bfee1a700   88       1       java.util.HashMap$Node::getValue (5 bytes)
Event: 0.411 Thread 0x0000019bfee1a700 nmethod 88 0x0000019bf2003a10 code [0x0000019bf2003ba0, 0x0000019bf2003c78]

GC Heap History (0 events):
No events

Dll operation events (1 events):
Event: 0.017 Loaded shared library C:\Program Files\JetBrains\IntelliJ IDEA Community Edition 2024.1\jbr\bin\java.dll

Deoptimization events (0 events):
No events

Classes unloaded (0 events):
No events

Classes redefined (0 events):
No events

Internal exceptions (0 events):
No events

VM Operations (2 events):
Event: 0.405 Executing VM operation: HandshakeAllThreads
Event: 0.405 Executing VM operation: HandshakeAllThreads done

Events (20 events):
Event: 0.408 loading class java/util/TreeMap$Entry done
Event: 0.410 loading class javax/net/ssl/TrustManager
Event: 0.410 loading class javax/net/ssl/TrustManager done
Event: 0.410 loading class javax/net/ssl/X509ExtendedTrustManager
Event: 0.410 loading class javax/net/ssl/X509TrustManager
Event: 0.410 loading class javax/net/ssl/X509TrustManager done
Event: 0.411 loading class javax/net/ssl/X509ExtendedTrustManager done
Event: 0.411 loading class javax/net/ssl/SSLContext
Event: 0.411 loading class javax/net/ssl/SSLContext done
Event: 0.411 loading class java/lang/NoSuchFieldException
Event: 0.411 loading class java/lang/NoSuchFieldException done
Event: 0.411 loading class java/lang/invoke/VarHandles
Event: 0.412 loading class java/lang/invoke/VarHandles done
Event: 0.412 loading class java/lang/invoke/VarHandles$1
Event: 0.412 loading class java/lang/ClassValue
Event: 0.413 loading class java/lang/ClassValue done
Event: 0.413 loading class java/lang/invoke/VarHandles$1 done
Event: 0.413 loading class java/lang/ClassValue$Entry
Event: 0.413 loading class java/lang/ClassValue$Entry done
Event: 0.413 loading class java/lang/ClassValue$Identity


Dynamic libraries:
0x00007ff631b80000 - 0x00007ff631b8a000 	C:\Program Files\JetBrains\IntelliJ IDEA Community Edition 2024.1\jbr\bin\java.exe
0x00007ffe8d510000 - 0x00007ffe8d708000 	C:\Windows\SYSTEM32\ntdll.dll
0x00007ffe8b870000 - 0x00007ffe8b92f000 	C:\Windows\System32\KERNEL32.DLL
0x00007ffe8afd0000 - 0x00007ffe8b2c6000 	C:\Windows\System32\KERNELBASE.dll
0x00007ffe8b3d0000 - 0x00007ffe8b4d0000 	C:\Windows\System32\ucrtbase.dll
0x00007ffe840d0000 - 0x00007ffe840eb000 	C:\Program Files\JetBrains\IntelliJ IDEA Community Edition 2024.1\jbr\bin\VCRUNTIME140.dll
0x00007ffe82ee0000 - 0x00007ffe82ef7000 	C:\Program Files\JetBrains\IntelliJ IDEA Community Edition 2024.1\jbr\bin\jli.dll
0x00007ffe8beb0000 - 0x00007ffe8c04d000 	C:\Windows\System32\USER32.dll
0x00007ffe7b960000 - 0x00007ffe7bbfa000 	C:\Windows\WinSxS\amd64_microsoft.windows.common-controls_6595b64144ccf1df_6.0.19041.1110_none_60b5254171f9507e\COMCTL32.dll
0x00007ffe8b7d0000 - 0x00007ffe8b86e000 	C:\Windows\System32\msvcrt.dll
0x00007ffe8c810000 - 0x00007ffe8c83c000 	C:\Windows\System32\GDI32.dll
0x00007ffe8ae00000 - 0x00007ffe8ae22000 	C:\Windows\System32\win32u.dll
0x00007ffe8ae30000 - 0x00007ffe8af45000 	C:\Windows\System32\gdi32full.dll
0x00007ffe8b4d0000 - 0x00007ffe8b56d000 	C:\Windows\System32\msvcp_win.dll
0x00007ffe8c840000 - 0x00007ffe8c870000 	C:\Windows\System32\IMM32.DLL
0x00007ffe81bc0000 - 0x00007ffe81bcc000 	C:\Program Files\JetBrains\IntelliJ IDEA Community Edition 2024.1\jbr\bin\vcruntime140_1.dll
0x00007ffe599a0000 - 0x00007ffe59a2d000 	C:\Program Files\JetBrains\IntelliJ IDEA Community Edition 2024.1\jbr\bin\msvcp140.dll
0x00007ffe4a340000 - 0x00007ffe4afc2000 	C:\Program Files\JetBrains\IntelliJ IDEA Community Edition 2024.1\jbr\bin\server\jvm.dll
0x00007ffe8b990000 - 0x00007ffe8ba3f000 	C:\Windows\System32\ADVAPI32.dll
0x00007ffe8be00000 - 0x00007ffe8be9c000 	C:\Windows\System32\sechost.dll
0x00007ffe8d0a0000 - 0x00007ffe8d1c6000 	C:\Windows\System32\RPCRT4.dll
0x00007ffe8aa50000 - 0x00007ffe8aa9b000 	C:\Windows\SYSTEM32\POWRPROF.dll
0x00007ffe88060000 - 0x00007ffe88069000 	C:\Windows\SYSTEM32\WSOCK32.dll
0x00007ffe8c050000 - 0x00007ffe8c0bb000 	C:\Windows\System32\WS2_32.dll
0x00007ffe7cb50000 - 0x00007ffe7cb77000 	C:\Windows\SYSTEM32\WINMM.dll
0x00007ffe850c0000 - 0x00007ffe850ca000 	C:\Windows\SYSTEM32\VERSION.dll
0x00007ffe8aa30000 - 0x00007ffe8aa42000 	C:\Windows\SYSTEM32\UMPDC.dll
0x00007ffe89420000 - 0x00007ffe89432000 	C:\Windows\SYSTEM32\kernel.appcore.dll
0x00007ffe88050000 - 0x00007ffe8805a000 	C:\Program Files\JetBrains\IntelliJ IDEA Community Edition 2024.1\jbr\bin\jimage.dll
0x00007ffe88810000 - 0x00007ffe889f4000 	C:\Windows\SYSTEM32\DBGHELP.DLL
0x00007ffe79f00000 - 0x00007ffe79f34000 	C:\Windows\SYSTEM32\dbgcore.DLL
0x00007ffe8b340000 - 0x00007ffe8b3c2000 	C:\Windows\System32\bcryptPrimitives.dll
0x00007ffe861d0000 - 0x00007ffe861f5000 	C:\Program Files\JetBrains\IntelliJ IDEA Community Edition 2024.1\jbr\bin\java.dll
0x00007ffe862b0000 - 0x00007ffe862c8000 	C:\Program Files\JetBrains\IntelliJ IDEA Community Edition 2024.1\jbr\bin\zip.dll
0x00007ffe8c0c0000 - 0x00007ffe8c804000 	C:\Windows\System32\SHELL32.dll
0x00007ffe88c40000 - 0x00007ffe893d4000 	C:\Windows\SYSTEM32\windows.storage.dll
0x00007ffe8ba40000 - 0x00007ffe8bd94000 	C:\Windows\System32\combase.dll
0x00007ffe8a480000 - 0x00007ffe8a4ae000 	C:\Windows\SYSTEM32\Wldp.dll
0x00007ffe8b570000 - 0x00007ffe8b61d000 	C:\Windows\System32\SHCORE.dll
0x00007ffe8bda0000 - 0x00007ffe8bdf5000 	C:\Windows\System32\shlwapi.dll
0x00007ffe8ab20000 - 0x00007ffe8ab45000 	C:\Windows\SYSTEM32\profapi.dll
0x00007ffe861b0000 - 0x00007ffe861c9000 	C:\Program Files\JetBrains\IntelliJ IDEA Community Edition 2024.1\jbr\bin\net.dll
0x00007ffe83da0000 - 0x00007ffe83eaa000 	C:\Windows\SYSTEM32\WINHTTP.dll
0x00007ffe8a260000 - 0x00007ffe8a2ca000 	C:\Windows\system32\mswsock.dll
0x00007ffe85120000 - 0x00007ffe85136000 	C:\Program Files\JetBrains\IntelliJ IDEA Community Edition 2024.1\jbr\bin\nio.dll

dbghelp: loaded successfully - version: 4.0.5 - missing functions: none
symbol engine: initialized successfully - sym options: 0x614 - pdb path: .;C:\Program Files\JetBrains\IntelliJ IDEA Community Edition 2024.1\jbr\bin;C:\Windows\SYSTEM32;C:\Windows\WinSxS\amd64_microsoft.windows.common-controls_6595b64144ccf1df_6.0.19041.1110_none_60b5254171f9507e;C:\Program Files\JetBrains\IntelliJ IDEA Community Edition 2024.1\jbr\bin\server

VM Arguments:
java_command: git4idea.http.GitAskPassApp Username for 'https://github.com': 
java_class_path (initial): C:/Program Files/JetBrains/IntelliJ IDEA Community Edition 2024.1/plugins/vcs-git/lib/git4idea-rt.jar;C:/Program Files/JetBrains/IntelliJ IDEA Community Edition 2024.1/lib/externalProcess-rt.jar
Launcher Type: SUN_STANDARD

[Global flags]
     intx CICompilerCount                          = 3                                         {product} {ergonomic}
     uint ConcGCThreads                            = 1                                         {product} {ergonomic}
     uint G1ConcRefinementThreads                  = 4                                         {product} {ergonomic}
   size_t G1HeapRegionSize                         = 1048576                                   {product} {ergonomic}
    uintx GCDrainStackTargetSize                   = 64                                        {product} {ergonomic}
   size_t InitialHeapSize                          = 132120576                                 {product} {ergonomic}
   size_t MarkStackSize                            = 4194304                                   {product} {ergonomic}
   size_t MaxHeapSize                              = 2105540608                                {product} {ergonomic}
   size_t MaxNewSize                               = 1262485504                                {product} {ergonomic}
   size_t MinHeapDeltaBytes                        = 1048576                                   {product} {ergonomic}
   size_t MinHeapSize                              = 8388608                                   {product} {ergonomic}
    uintx NonNMethodCodeHeapSize                   = 5832780                                {pd product} {ergonomic}
    uintx NonProfiledCodeHeapSize                  = 122912730                              {pd product} {ergonomic}
    uintx ProfiledCodeHeapSize                     = 122912730                              {pd product} {ergonomic}
    uintx ReservedCodeCacheSize                    = 251658240                              {pd product} {ergonomic}
     bool SegmentedCodeCache                       = true                                      {product} {ergonomic}
   size_t SoftMaxHeapSize                          = 2105540608                             {manageable} {ergonomic}
     bool UseCompressedClassPointers               = true                           {product lp64_product} {ergonomic}
     bool UseCompressedOops                        = true                           {product lp64_product} {ergonomic}
     bool UseG1GC                                  = true                                      {product} {ergonomic}
     bool UseLargePagesIndividualAllocation        = false                                  {pd product} {ergonomic}

Logging:
Log output configuration:
 #0: stdout all=warning uptime,level,tags
 #1: stderr all=off uptime,level,tags

Environment Variables:
JAVA_HOME=C:\Users\Illya\.jdks\openjdk-22.0.1
PATH=C:\Program Files\Git\mingw64\libexec\git-core;C:\Program Files\Git\mingw64\libexec\git-core;C:\Program Files\Git\mingw64\bin;C:\Program Files\Git\usr\bin;C:\Users\Illya\bin;C:\Windows\system32;C:\Windows;C:\Windows\System32\Wbem;C:\Windows\System32\WindowsPowerShell\v1.0;C:\Windows\System32\OpenSSH;C:\Program Files\dotnet;C:\MinGW\bin;C:\Program Files (x86)\dotnet;C:\Program Files\Microsoft SQL Server\150\Tools\Binn;C:\Program Files\Microsoft SQL Server\Client SDK\ODBC\170\Tools\Binn;C:\Program Files (x86)\Windows Kits\10\Windows Performance Toolkit;C:\Program Files\php-8.3.6-Win32-vs16-x64;C:\Program Files\Git\cmd;C:\Program Files\nodejs;C:\Program Files\PowerShell\7;C:\Users\Illya\.jdks\openjdk-22.0.1\bin;C:\Program Files\MySQL\MySQL Shell 8.0\bin;C:\Users\Illya\AppData\Local\Programs\Python\Python310\Scripts;C:\Users\Illya\AppData\Local\Programs\Python\Python310;C:\Users\Illya\AppData\Local\Microsoft\WindowsApps;C:\Windows\system32;C:\Program Files\JetBrains\PyCharm Community Edition 2023.3.1\bin;C:\Users\Illya\AppData\Local\Programs\Microsoft VS Code\bin;C:\msy64\mingw64\bin;D:\C++\SDL2-2.28.5\lib\x64;C:\Program Files\JetBrains\IntelliJ IDEA Community Edition 2024.1\bin;C:\Users\Illya\.dotnet\tools;C:\Users\Illya\AppData\Roaming\npm
USERNAME=Illya
DISPLAY=:0.0
LC_ALL=en_US.UTF-8
TERM=xterm-256color
TMPDIR=C:\Users\Illya\AppData\Local\Temp
OS=Windows_NT
PROCESSOR_IDENTIFIER=Intel64 Family 6 Model 142 Stepping 12, GenuineIntel
TMP=C:\Users\Illya\AppData\Local\Temp
TEMP=C:\Users\Illya\AppData\Local\Temp



Periodic native trim disabled

JNI global refs:
JNI global refs: 8, weak refs: 0

JNI global refs memory usage: 843, weak refs: 209

OOME stack traces (most recent first):
Classloader memory used:
Loader bootstrap                                                                       : 613K
Loader jdk.internal.loader.ClassLoaders$AppClassLoader                                 : 1808B


---------------  S Y S T E M  ---------------

OS:
 Windows 10 , 64 bit Build 19041 (10.0.19041.3155)
OS uptime: 4 days 10:35 hours
Hyper-V role detected

CPU: total 4 (initial active 4) (2 cores per cpu, 2 threads per core) family 6 model 142 stepping 12 microcode 0xea, cx8, cmov, fxsr, ht, mmx, 3dnowpref, sse, sse2, sse3, ssse3, sse4.1, sse4.2, popcnt, lzcnt, tsc, tscinvbit, avx, avx2, aes, erms, clmul, bmi1, bmi2, adx, fma, vzeroupper, clflush, clflushopt, hv
Processor Information for all 4 processors :
  Max Mhz: 2592, Current Mhz: 2093, Mhz Limit: 2073

Memory: 4k page, system-wide physical 8026M (505M free)
TotalPageFile size 14973M (AvailPageFile size 1M)
current process WorkingSet (physical memory assigned to process): 30M, peak: 30M
current process commit charge ("private bytes"): 193M, peak: 194M

vm_info: OpenJDK 64-Bit Server VM (17.0.10+8-b1207.12) for windows-amd64 JRE (17.0.10+8-b1207.12), built on 2024-03-15 by "builduser" with MS VC++ 16.10 / 16.11 (VS2019)

END.
